<?xml version="1.0" encoding="UTF-8"?>
<!-- Generated by org.testng.reporters.JUnitReportReporter -->
<testsuite hostname="BDC11-L-13422HP" failures="0" tests="1" name="tests.RegisterTest" time="11.323" errors="0" timestamp="2023-09-19T10:23:46 IST" skipped="0">
  <testcase classname="tests.RegisterTest" name="register" time="11.323"/>
  <system-out/>
</testsuite> <!-- tests.RegisterTest -->
