<?xml version="1.0" encoding="UTF-8"?>
<!-- Generated by org.testng.reporters.JUnitReportReporter -->
<testsuite hostname="BDC11-L-13422HP" failures="0" tests="1" name="tests.LoginTest" time="3.357" errors="0" timestamp="2023-08-16T17:17:38 IST" skipped="0">
  <testcase classname="tests.LoginTest" name="Loginmethod" time="3.357"/>
  <system-out/>
</testsuite> <!-- tests.LoginTest -->
